<?xml version="1.0" encoding="UTF-8"?>
<testsuite name="com.userregistration.TestUserRegistration" tests="12" skipped="0" failures="0" errors="0" timestamp="2019-11-23T04:53:28" hostname="admin1-desktop" time="0.004">
  <properties/>
  <testcase name="toTest_FirstNameGivesLattersAndNumericValue_ReturnTestFail" classname="com.userregistration.TestUserRegistration" time="0.001"/>
  <testcase name="toTest_LastNameGivesNumericValue_ReturnTestFail" classname="com.userregistration.TestUserRegistration" time="0.0"/>
  <testcase name="toTest_FirstNameGivesNumericValue_ReturnTestFail" classname="com.userregistration.TestUserRegistration" time="0.0"/>
  <testcase name="toTest_FirstNameGivesFirstThreeLatter_ReturnTestPass" classname="com.userregistration.TestUserRegistration" time="0.0"/>
  <testcase name="toTest_LastNameGivesLattersAndNumericValue_ReturnTestFail" classname="com.userregistration.TestUserRegistration" time="0.0"/>
  <testcase name="toTest_LastNameGivesAllValid_ReturnTrue" classname="com.userregistration.TestUserRegistration" time="0.0"/>
  <testcase name="toTest_LastNameGivesTwoLatters_ReturnTestFail" classname="com.userregistration.TestUserRegistration" time="0.0"/>
  <testcase name="toTest_FirstNameGivesAllAreValid_ReturnTestPass" classname="com.userregistration.TestUserRegistration" time="0.0"/>
  <testcase name="toTest_FirstNameGivesTwoLatters_ReturnTestFail" classname="com.userregistration.TestUserRegistration" time="0.0"/>
  <testcase name="toTest_LastNameGivesFirstThreeLatter_ReturnTestPass" classname="com.userregistration.TestUserRegistration" time="0.0"/>
  <testcase name="toTest_LastNamGivesSmallLatters_ReturnTestFail" classname="com.userregistration.TestUserRegistration" time="0.0"/>
  <testcase name="toTest_FirstNamGivesSmallLatters_ReturnTestFail" classname="com.userregistration.TestUserRegistration" time="0.0"/>
  <system-out><![CDATA[]]></system-out>
  <system-err><![CDATA[]]></system-err>
</testsuite>
