<?xml version="1.0" encoding="UTF-8"?>
<testsuite name="com.userregistration.TestCaseForPassword" tests="10" skipped="0" failures="0" errors="0" timestamp="2019-11-25T09:38:33" hostname="admin1-desktop" time="0.003">
  <properties/>
  <testcase name="Test[0]" classname="com.userregistration.TestCaseForPassword" time="0.0"/>
  <testcase name="Test[1]" classname="com.userregistration.TestCaseForPassword" time="0.0"/>
  <testcase name="Test[2]" classname="com.userregistration.TestCaseForPassword" time="0.0"/>
  <testcase name="Test[3]" classname="com.userregistration.TestCaseForPassword" time="0.0"/>
  <testcase name="Test[4]" classname="com.userregistration.TestCaseForPassword" time="0.001"/>
  <testcase name="Test[5]" classname="com.userregistration.TestCaseForPassword" time="0.0"/>
  <testcase name="Test[6]" classname="com.userregistration.TestCaseForPassword" time="0.0"/>
  <testcase name="Test[7]" classname="com.userregistration.TestCaseForPassword" time="0.001"/>
  <testcase name="Test[8]" classname="com.userregistration.TestCaseForPassword" time="0.0"/>
  <testcase name="Test[9]" classname="com.userregistration.TestCaseForPassword" time="0.0"/>
  <system-out><![CDATA[]]></system-out>
  <system-err><![CDATA[]]></system-err>
</testsuite>
