<?xml version="1.0" encoding="UTF-8"?>
<testsuite name="com.userregistration.TestUserRegistration" tests="6" skipped="0" failures="0" errors="0" timestamp="2019-11-23T04:25:36" hostname="admin1-desktop" time="0.015">
  <properties/>
  <testcase name="toTest_FirstNameGivesLattersAndNumericValue_ReturnTestFail" classname="com.userregistration.TestUserRegistration" time="0.003"/>
  <testcase name="toTest_FirstNameGivesNumericValue_ReturnTestFail" classname="com.userregistration.TestUserRegistration" time="0.005"/>
  <testcase name="toTest_FirstNameGivesFirstThreeLatter_ReturnTestPass" classname="com.userregistration.TestUserRegistration" time="0.004"/>
  <testcase name="toTest_FirstNameGivesAllAreValid_ReturnTestPass" classname="com.userregistration.TestUserRegistration" time="0.001"/>
  <testcase name="toTest_FirstNameGivesTwoLatters_ReturnTestFail" classname="com.userregistration.TestUserRegistration" time="0.0"/>
  <testcase name="toTest_FirstNamGivesSmallLatters_ReturnTestFail" classname="com.userregistration.TestUserRegistration" time="0.0"/>
  <system-out><![CDATA[]]></system-out>
  <system-err><![CDATA[]]></system-err>
</testsuite>
